  source.cpp
d:\visual studio 2015\baekjoons\turret_1002\turret_1002\source.cpp(28): warning C4244: '=': 'double'에서 'int'(으)로 변환하면서 데이터가 손실될 수 있습니다.
d:\visual studio 2015\baekjoons\turret_1002\turret_1002\source.cpp(31): warning C4244: '=': 'double'에서 'int'(으)로 변환하면서 데이터가 손실될 수 있습니다.
d:\visual studio 2015\baekjoons\turret_1002\turret_1002\source.cpp(34): warning C4244: '=': 'double'에서 'int'(으)로 변환하면서 데이터가 손실될 수 있습니다.
d:\visual studio 2015\baekjoons\turret_1002\turret_1002\source.cpp(10): warning C4474: 'scanf_s' : 서식 문자열에 전달된 인수가 너무 많습니다.
  d:\visual studio 2015\baekjoons\turret_1002\turret_1002\source.cpp(10): note: 자리 표시자 및 해당 매개 변수에는 variadic 인수가 1개 필요하지만 2개가 제공되었습니다.
d:\visual studio 2015\baekjoons\turret_1002\turret_1002\source.cpp(15): warning C4474: 'scanf_s' : 서식 문자열에 전달된 인수가 너무 많습니다.
  d:\visual studio 2015\baekjoons\turret_1002\turret_1002\source.cpp(15): note: 자리 표시자 및 해당 매개 변수에는 variadic 인수가 1개 필요하지만 2개가 제공되었습니다.
d:\visual studio 2015\baekjoons\turret_1002\turret_1002\source.cpp(17): warning C4474: 'scanf_s' : 서식 문자열에 전달된 인수가 너무 많습니다.
  d:\visual studio 2015\baekjoons\turret_1002\turret_1002\source.cpp(17): note: 자리 표시자 및 해당 매개 변수에는 variadic 인수가 1개 필요하지만 2개가 제공되었습니다.
d:\visual studio 2015\baekjoons\turret_1002\turret_1002\source.cpp(19): warning C4474: 'scanf_s' : 서식 문자열에 전달된 인수가 너무 많습니다.
  d:\visual studio 2015\baekjoons\turret_1002\turret_1002\source.cpp(19): note: 자리 표시자 및 해당 매개 변수에는 variadic 인수가 1개 필요하지만 2개가 제공되었습니다.
d:\visual studio 2015\baekjoons\turret_1002\turret_1002\source.cpp(21): warning C4474: 'scanf_s' : 서식 문자열에 전달된 인수가 너무 많습니다.
  d:\visual studio 2015\baekjoons\turret_1002\turret_1002\source.cpp(21): note: 자리 표시자 및 해당 매개 변수에는 variadic 인수가 1개 필요하지만 2개가 제공되었습니다.
d:\visual studio 2015\baekjoons\turret_1002\turret_1002\source.cpp(23): warning C4474: 'scanf_s' : 서식 문자열에 전달된 인수가 너무 많습니다.
  d:\visual studio 2015\baekjoons\turret_1002\turret_1002\source.cpp(23): note: 자리 표시자 및 해당 매개 변수에는 variadic 인수가 1개 필요하지만 2개가 제공되었습니다.
d:\visual studio 2015\baekjoons\turret_1002\turret_1002\source.cpp(25): warning C4474: 'scanf_s' : 서식 문자열에 전달된 인수가 너무 많습니다.
  d:\visual studio 2015\baekjoons\turret_1002\turret_1002\source.cpp(25): note: 자리 표시자 및 해당 매개 변수에는 variadic 인수가 1개 필요하지만 2개가 제공되었습니다.
  Turret_1002.vcxproj -> D:\visual studio 2015\Baekjoons\Turret_1002\Debug\Turret_1002.exe
  Turret_1002.vcxproj -> D:\visual studio 2015\Baekjoons\Turret_1002\Debug\Turret_1002.pdb (Full PDB)
